# Logfile created on 2014-03-24 18:40:25 +0100 by logger.rb/41954
I, [2014-03-24T18:40:25.018857 #83507]  INFO -- : 0:  rack (1.5.2) from /Users/ignacykasperowicz/.rvm/gems/ruby-2.0.0-p353/specifications/rack-1.5.2.gemspec
I, [2014-03-24T18:40:26.782365 #83507]  INFO -- : 0:  adsf (1.2.0) from /Users/ignacykasperowicz/.rvm/gems/ruby-2.0.0-p353/specifications/adsf-1.2.0.gemspec
I, [2014-03-24T18:40:26.782901 #83507]  INFO -- : 0:  timers (1.1.0) from /Users/ignacykasperowicz/.rvm/gems/ruby-2.0.0-p353/specifications/timers-1.1.0.gemspec
I, [2014-03-24T18:40:26.783167 #83507]  INFO -- : 0:  celluloid (0.15.2) from /Users/ignacykasperowicz/.rvm/gems/ruby-2.0.0-p353/specifications/celluloid-0.15.2.gemspec
I, [2014-03-24T18:40:26.783410 #83507]  INFO -- : 0:  nio4r (1.0.0) from /Users/ignacykasperowicz/.rvm/gems/ruby-2.0.0-p353/specifications/nio4r-1.0.0.gemspec
I, [2014-03-24T18:40:26.783643 #83507]  INFO -- : 0:  celluloid-io (0.15.0) from /Users/ignacykasperowicz/.rvm/gems/ruby-2.0.0-p353/specifications/celluloid-io-0.15.0.gemspec
I, [2014-03-24T18:40:26.783875 #83507]  INFO -- : 0:  coderay (1.1.0) from /Users/ignacykasperowicz/.rvm/gems/ruby-2.0.0-p353/specifications/coderay-1.1.0.gemspec
I, [2014-03-24T18:40:26.784112 #83507]  INFO -- : 0:  colored (1.2) from /Users/ignacykasperowicz/.rvm/gems/ruby-2.0.0-p353/specifications/colored-1.2.gemspec
I, [2014-03-24T18:40:28.133411 #83507]  INFO -- : 0:  cri (2.5.0) from /Users/ignacykasperowicz/.rvm/gems/ruby-2.0.0-p353/specifications/cri-2.5.0.gemspec
I, [2014-03-24T18:40:28.133862 #83507]  INFO -- : 0:  eventmachine (1.0.3) from /Users/ignacykasperowicz/.rvm/gems/ruby-2.0.0-p353/specifications/eventmachine-1.0.3.gemspec
I, [2014-03-24T18:40:28.134185 #83507]  INFO -- : 0:  http_parser.rb (0.5.3) from /Users/ignacykasperowicz/.rvm/gems/ruby-2.0.0-p353/specifications/http_parser.rb-0.5.3.gemspec
I, [2014-03-24T18:40:28.134501 #83507]  INFO -- : 0:  em-websocket (0.5.0) from /Users/ignacykasperowicz/.rvm/gems/ruby-2.0.0-p353/specifications/em-websocket-0.5.0.gemspec
I, [2014-03-24T18:40:28.134806 #83507]  INFO -- : 0:  ffi (1.9.3) from /Users/ignacykasperowicz/.rvm/gems/ruby-2.0.0-p353/specifications/ffi-1.9.3.gemspec
I, [2014-03-24T18:40:28.135110 #83507]  INFO -- : 0:  formatador (0.2.4) from /Users/ignacykasperowicz/.rvm/gems/ruby-2.0.0-p353/specifications/formatador-0.2.4.gemspec
I, [2014-03-24T18:40:28.135409 #83507]  INFO -- : 0:  rb-fsevent (0.9.4) from /Users/ignacykasperowicz/.rvm/gems/ruby-2.0.0-p353/specifications/rb-fsevent-0.9.4.gemspec
I, [2014-03-24T18:40:28.135708 #83507]  INFO -- : 0:  rb-inotify (0.9.3) from /Users/ignacykasperowicz/.rvm/gems/ruby-2.0.0-p353/specifications/rb-inotify-0.9.3.gemspec
I, [2014-03-24T18:40:28.136013 #83507]  INFO -- : 0:  listen (2.7.0) from /Users/ignacykasperowicz/.rvm/gems/ruby-2.0.0-p353/specifications/listen-2.7.0.gemspec
I, [2014-03-24T18:40:28.136323 #83507]  INFO -- : 0:  lumberjack (1.0.4) from /Users/ignacykasperowicz/.rvm/gems/ruby-2.0.0-p353/specifications/lumberjack-1.0.4.gemspec
I, [2014-03-24T18:40:28.136621 #83507]  INFO -- : 0:  method_source (0.8.2) from /Users/ignacykasperowicz/.rvm/gems/ruby-2.0.0-p353/specifications/method_source-0.8.2.gemspec
I, [2014-03-24T18:40:28.136914 #83507]  INFO -- : 0:  slop (3.4.7) from /Users/ignacykasperowicz/.rvm/gems/ruby-2.0.0-p353/specifications/slop-3.4.7.gemspec
I, [2014-03-24T18:40:28.137208 #83507]  INFO -- : 0:  pry (0.9.12.6) from /Users/ignacykasperowicz/.rvm/gems/ruby-2.0.0-p353/specifications/pry-0.9.12.6.gemspec
I, [2014-03-24T18:40:28.137498 #83507]  INFO -- : 0:  thor (0.18.1) from /Users/ignacykasperowicz/.rvm/gems/ruby-2.0.0-p353/specifications/thor-0.18.1.gemspec
I, [2014-03-24T18:40:28.137792 #83507]  INFO -- : 0:  guard (2.5.1) from /Users/ignacykasperowicz/.rvm/gems/ruby-2.0.0-p353/specifications/guard-2.5.1.gemspec
I, [2014-03-24T18:40:28.138076 #83507]  INFO -- : 0:  bundler (1.5.1) from /Users/ignacykasperowicz/.rvm/gems/ruby-2.0.0-p353@global/specifications/bundler-1.5.1.gemspec
I, [2014-03-24T18:40:29.344995 #83507]  INFO -- : 0:  guard-bundler (2.0.0) from /Users/ignacykasperowicz/.rvm/gems/ruby-2.0.0-p353/specifications/guard-bundler-2.0.0.gemspec
I, [2014-03-24T18:40:29.345394 #83507]  INFO -- : 0:  multi_json (1.9.0) from /Users/ignacykasperowicz/.rvm/gems/ruby-2.0.0-p353/specifications/multi_json-1.9.0.gemspec
I, [2014-03-24T18:40:30.616005 #83507]  INFO -- : 0:  guard-livereload (2.1.1) from /Users/ignacykasperowicz/.rvm/gems/ruby-2.0.0-p353/specifications/guard-livereload-2.1.1.gemspec
I, [2014-03-24T18:40:32.477230 #83507]  INFO -- : 0:  nanoc (3.6.7) from /Users/ignacykasperowicz/.rvm/gems/ruby-2.0.0-p353/specifications/nanoc-3.6.7.gemspec
I, [2014-03-24T18:40:33.699743 #83507]  INFO -- : 0:  guard-nanoc (1.0.2) from /Users/ignacykasperowicz/.rvm/gems/ruby-2.0.0-p353/specifications/guard-nanoc-1.0.2.gemspec
I, [2014-03-24T18:40:34.952931 #83507]  INFO -- : 0:  guard-pow (2.0.0) from /Users/ignacykasperowicz/.rvm/gems/ruby-2.0.0-p353/specifications/guard-pow-2.0.0.gemspec
I, [2014-03-24T18:40:36.904717 #83507]  INFO -- : 0:  kramdown (1.3.2) from /Users/ignacykasperowicz/.rvm/gems/ruby-2.0.0-p353/specifications/kramdown-1.3.2.gemspec
I, [2014-03-24T18:40:36.905182 #83507]  INFO -- : 0:  mini_portile (0.5.2) from /Users/ignacykasperowicz/.rvm/gems/ruby-2.0.0-p353/specifications/mini_portile-0.5.2.gemspec
I, [2014-03-24T18:40:36.905498 #83507]  INFO -- : 0:  nokogiri (1.6.1) from /Users/ignacykasperowicz/.rvm/gems/ruby-2.0.0-p353/specifications/nokogiri-1.6.1.gemspec
I, [2014-03-24T18:40:39.134190 #83507]  INFO -- : 0:  posix-spawn (0.3.8) from /Users/ignacykasperowicz/.rvm/gems/ruby-2.0.0-p353/specifications/posix-spawn-0.3.8.gemspec
I, [2014-03-24T18:40:39.135034 #83507]  INFO -- : 0:  yajl-ruby (1.1.0) from /Users/ignacykasperowicz/.rvm/gems/ruby-2.0.0-p353/specifications/yajl-ruby-1.1.0.gemspec
I, [2014-03-24T18:40:42.799720 #83507]  INFO -- : 0:  pygments.rb (0.5.4) from /Users/ignacykasperowicz/.rvm/gems/ruby-2.0.0-p353/specifications/pygments.rb-0.5.4.gemspec
